<?xml version="1.0" encoding="UTF-8"?>
<!-- Generated by org.testng.reporters.JUnitReportReporter -->
<testsuite hostname="DESKTOP-EG2DV90" failures="0" tests="2" name="appTests.AppTest" time="21.038" errors="0" timestamp="2022-10-11T11:21:26 IST" skipped="0">
  <testcase classname="appTests.AppTest" name="LaunchChrome" time="2.021"/>
  <system-out/>
  <testcase classname="appTests.AppTest" name="f" time="19.017"/>
  <system-out/>
</testsuite> <!-- appTests.AppTest -->
